<?xml version="1.0" encoding="UTF-8"?>
<!-- Generated by org.testng.reporters.JUnitXMLReporter -->
<testsuite ignored="0" hostname="SATZ-SPECTRE" failures="1" tests="3" name="Test" time="27.539" errors="0" timestamp="2024-12-13T17:52:39 IST">
  <testcase classname="testCases.TC003_LoginDDT" name="verify_LoginTestDDT" time="3.375"/>
  <testcase classname="testCases.TC003_LoginDDT" name="verify_LoginTestDDT" time="11.835"/>
  <testcase classname="testCases.TC003_LoginDDT" name="verify_LoginTestDDT" time="0.785">
    <failure type="java.lang.IllegalArgumentException" message="Keys to send should be a not null CharSequence">
      <![CDATA[java.lang.IllegalArgumentException: Keys to send should be a not null CharSequence
at org.openqa.selenium.remote.RemoteWebElement.sendKeys(RemoteWebElement.java:96)
at org.openqa.selenium.support.pagefactory.internal.LocatingElementHandler.invoke(LocatingElementHandler.java:51)
at jdk.proxy2/jdk.proxy2.$Proxy17.sendKeys(Unknown Source)
at pageObjects.LoginPage.enterEmail(LoginPage.java:24)
at testCases.TC003_LoginDDT.verify_LoginTestDDT(TC003_LoginDDT.java:24)
at java.base/java.util.ArrayList.forEach(ArrayList.java:1596)
... Removed 27 stack frames]]>
    </failure>
  </testcase> <!-- verify_LoginTestDDT -->
</testsuite> <!-- Test -->
